<?xml version="1.0" encoding="windows-1252" standalone="no"?>
<!DOCTYPE log SYSTEM "logger.dtd">
<log>
<record>
  <date>2016-08-29T22:40:41</date>
  <millis>1472524841829</millis>
  <sequence>6</sequence>
  <logger>ESPlorer.ESPlorer</logger>
  <level>INFO</level>
  <class>ESPlorer.ESPlorer</class>
  <method>log</method>
  <thread>13</thread>
  <message>Set new color theme: Success.</message>
</record>
<record>
  <date>2016-08-29T22:40:41</date>
  <millis>1472524841840</millis>
  <sequence>7</sequence>
  <logger>ESPlorer.ESPlorer</logger>
  <level>INFO</level>
  <class>ESPlorer.ESPlorer</class>
  <method>log</method>
  <thread>13</thread>
  <message>Load saved settings: DONE.</message>
</record>
<record>
  <date>2016-08-29T22:40:41</date>
  <millis>1472524841845</millis>
  <sequence>8</sequence>
  <logger>ESPlorer.ESPlorer</logger>
  <level>INFO</level>
  <class>ESPlorer.ESPlorer</class>
  <method>log</method>
  <thread>13</thread>
  <message>Snippets (LUA): loading...</message>
</record>
<record>
  <date>2016-08-29T22:40:41</date>
  <millis>1472524841854</millis>
  <sequence>9</sequence>
  <logger>ESPlorer.ESPlorer</logger>
  <level>INFO</level>
  <class>ESPlorer.ESPlorer</class>
  <method>log</method>
  <thread>13</thread>
  <message>Snippets (LUA) load: Success.</message>
</record>
<record>
  <date>2016-08-29T22:40:42</date>
  <millis>1472524842456</millis>
  <sequence>10</sequence>
  <logger>ESPlorer.ESPlorer</logger>
  <level>INFO</level>
  <class>ESPlorer.ESPlorer</class>
  <method>log</method>
  <thread>13</thread>
  <message>Scan system...</message>
</record>
<record>
  <date>2016-08-29T22:40:42</date>
  <millis>1472524842571</millis>
  <sequence>11</sequence>
  <logger>ESPlorer.ESPlorer</logger>
  <level>INFO</level>
  <class>ESPlorer.ESPlorer</class>
  <method>log</method>
  <thread>13</thread>
  <message>Could not find any serial port. Please, connect device and ReScan</message>
</record>
<record>
  <date>2016-08-29T22:40:42</date>
  <millis>1472524842583</millis>
  <sequence>12</sequence>
  <logger>ESPlorer.ESPlorer</logger>
  <level>INFO</level>
  <class>ESPlorer.ESPlorer</class>
  <method>log</method>
  <thread>13</thread>
  <message>Scan done.</message>
</record>
<record>
  <date>2016-08-29T22:40:49</date>
  <millis>1472524849590</millis>
  <sequence>13</sequence>
  <logger>ESPlorer.ESPlorer</logger>
  <level>INFO</level>
  <class>ESPlorer.ESPlorer</class>
  <method>log</method>
  <thread>13</thread>
  <message>FileTab cleared: Success.</message>
</record>
<record>
  <date>2016-08-29T22:40:49</date>
  <millis>1472524849592</millis>
  <sequence>14</sequence>
  <logger>ESPlorer.ESPlorer</logger>
  <level>INFO</level>
  <class>ESPlorer.ESPlorer</class>
  <method>log</method>
  <thread>13</thread>
  <message>File close: Success.</message>
</record>
</log>
